2024-02-28 17:15:29,570 [distributed_c10d.py] => Added key: store_based_barrier_key:1 to store for rank: 0
2024-02-28 17:15:29,570 [distributed_c10d.py] => Rank 0: Completed store-based barrier for key:store_based_barrier_key:1 with 1 nodes.
2024-02-28 17:15:36,673 [data_manager.py] => [0, 1, 2, 3, 4, 5, 6, 7, 8, 9]
2024-02-28 17:17:12,385 [sprompt_engine.py] => Learning on 0-2
2024-02-28 17:17:37,409 [distributed.py] => Reducer buckets have been rebuilt in this iteration.
2024-02-28 17:37:49,128 [sprompt_engine.py] => Task 0, Epoch 20/20 => Loss 0.013, Train_accy 99.53, Test_accy 99.65
2024-02-28 17:38:44,834 [base.py] => CNN: {'total': 99.65, '00-01': 99.65, 'old': 0, 'new': 99.65}
2024-02-28 17:38:44,835 [base.py] => CNN top1 curve: [99.65]
2024-02-28 17:38:44,871 [sprompt_engine.py] => Learning on 2-4
2024-02-28 17:38:48,577 [distributed.py] => Reducer buckets have been rebuilt in this iteration.
2024-02-28 18:07:10,032 [sprompt_engine.py] => Task 1, Epoch 50/50 => Loss 0.021, Train_accy 99.08, Test_accy 97.89
2024-02-28 18:08:08,331 [base.py] => CNN: {'total': 99.29, '00-01': 99.3, '02-03': 99.25, 'old': 99.3, 'new': 99.25}
2024-02-28 18:08:08,331 [base.py] => CNN top1 curve: [99.65, 99.29]
2024-02-28 18:08:08,367 [sprompt_engine.py] => Learning on 4-6
2024-02-28 18:08:12,049 [distributed.py] => Reducer buckets have been rebuilt in this iteration.
2024-02-28 19:08:28,360 [sprompt_engine.py] => Task 2, Epoch 50/50 => Loss 0.417, Train_accy 79.74, Test_accy 74.05
2024-02-28 19:10:00,674 [base.py] => CNN: {'total': 91.45, '00-01': 99.35, '02-03': 99.12, '04-05': 80.8, 'old': 99.29, 'new': 80.8}
2024-02-28 19:10:00,674 [base.py] => CNN top1 curve: [99.65, 99.29, 91.45]
2024-02-28 19:10:00,698 [sprompt_engine.py] => Learning on 6-8
2024-02-28 19:10:07,571 [distributed.py] => Reducer buckets have been rebuilt in this iteration.
2024-02-28 19:35:30,016 [sprompt_engine.py] => Task 3, Epoch 50/50 => Loss 0.126, Train_accy 94.92, Test_accy 63.02
2024-02-28 19:36:20,690 [base.py] => CNN: {'total': 91.68, '00-01': 99.3, '02-03': 99.0, '04-05': 80.8, '06-07': 95.0, 'old': 91.4, 'new': 95.0}
2024-02-28 19:36:20,690 [base.py] => CNN top1 curve: [99.65, 99.29, 91.45, 91.68]
2024-02-28 19:36:20,715 [sprompt_engine.py] => Learning on 8-10
2024-02-28 19:36:24,456 [distributed.py] => Reducer buckets have been rebuilt in this iteration.
2024-02-28 19:48:30,586 [sprompt_engine.py] => Task 4, Epoch 50/50 => Loss 0.231, Train_accy 89.23, Test_accy 63.76
2024-02-28 19:48:51,467 [base.py] => CNN: {'total': 90.81, '00-01': 98.8, '02-03': 98.25, '04-05': 80.9, '06-07': 95.0, '08-09': 55.56, 'old': 91.41, 'new': 55.56}
2024-02-28 19:48:51,467 [base.py] => CNN top1 curve: [99.65, 99.29, 91.45, 91.68, 90.81]
