2024-01-31 10:16:23,339 [distributed_c10d.py] => Added key: store_based_barrier_key:1 to store for rank: 2
2024-01-31 10:16:23,343 [distributed_c10d.py] => Added key: store_based_barrier_key:1 to store for rank: 3
2024-01-31 10:16:23,355 [distributed_c10d.py] => Added key: store_based_barrier_key:1 to store for rank: 1
2024-01-31 10:16:23,359 [distributed_c10d.py] => Added key: store_based_barrier_key:1 to store for rank: 0
2024-01-31 10:16:23,360 [distributed_c10d.py] => Rank 0: Completed store-based barrier for key:store_based_barrier_key:1 with 4 nodes.
2024-01-31 10:16:23,364 [distributed_c10d.py] => Rank 3: Completed store-based barrier for key:store_based_barrier_key:1 with 4 nodes.
2024-01-31 10:16:23,366 [distributed_c10d.py] => Rank 1: Completed store-based barrier for key:store_based_barrier_key:1 with 4 nodes.
2024-01-31 10:16:23,369 [distributed_c10d.py] => Rank 2: Completed store-based barrier for key:store_based_barrier_key:1 with 4 nodes.
2024-01-31 10:16:27,314 [data_manager.py] => [0, 1, 2, 3, 4, 5, 6, 7, 8, 9, 10, 11, 12, 13, 14, 15, 16, 17, 18, 19, 20, 21, 22, 23, 24, 25, 26, 27, 28, 29, 30, 31, 32, 33, 34, 35, 36, 37, 38, 39, 40, 41, 42, 43, 44, 45, 46, 47, 48, 49, 50, 51, 52, 53, 54, 55, 56, 57, 58, 59, 60, 61, 62, 63, 64, 65, 66, 67, 68, 69, 70, 71, 72, 73, 74, 75, 76, 77, 78, 79, 80, 81, 82, 83, 84, 85, 86, 87, 88, 89, 90, 91, 92, 93, 94, 95, 96, 97, 98, 99]
2024-01-31 10:16:31,451 [l2p.py] => Resized position embedding: torch.Size([1, 197, 768]) to torch.Size([1, 222, 768])
2024-01-31 10:16:31,452 [l2p.py] => Position embedding grid-size from [14, 14] to (14, 14)
2024-01-31 10:16:32,201 [l2p_engine.py] => Learning on 0-10
2024-01-31 10:16:38,058 [distributed.py] => Reducer buckets have been rebuilt in this iteration.
2024-01-31 10:18:17,930 [l2p_engine.py] => Task 0, Epoch 5/5 => Loss 0.264, Train_accy 87.44, Test_accy 96.40
2024-01-31 10:18:24,900 [base.py] => CNN: {'total': 96.4, '00-09': 96.4, 'old': 0, 'new': 96.4}
2024-01-31 10:18:24,900 [base.py] => CNN top1 curve: [96.4]
2024-01-31 10:18:24,901 [l2p_engine.py] => Learning on 10-20
2024-01-31 10:18:26,547 [distributed.py] => Reducer buckets have been rebuilt in this iteration.
2024-01-31 10:20:36,111 [l2p_engine.py] => Task 1, Epoch 5/5 => Loss 0.296, Train_accy 83.76, Test_accy 93.15
2024-01-31 10:20:48,654 [base.py] => CNN: {'total': 93.15, '00-09': 93.8, '10-19': 92.5, 'old': 93.8, 'new': 92.5}
2024-01-31 10:20:48,655 [base.py] => CNN top1 curve: [96.4, 93.15]
2024-01-31 10:20:48,655 [l2p_engine.py] => Learning on 20-30
2024-01-31 10:20:50,195 [distributed.py] => Reducer buckets have been rebuilt in this iteration.
2024-01-31 10:23:29,774 [l2p_engine.py] => Task 2, Epoch 5/5 => Loss 0.177, Train_accy 88.40, Test_accy 90.20
2024-01-31 10:23:48,097 [base.py] => CNN: {'total': 90.2, '00-09': 90.8, '10-19': 90.1, '20-29': 89.7, 'old': 90.45, 'new': 89.7}
2024-01-31 10:23:48,098 [base.py] => CNN top1 curve: [96.4, 93.15, 90.2]
2024-01-31 10:23:48,098 [l2p_engine.py] => Learning on 30-40
2024-01-31 10:23:49,670 [distributed.py] => Reducer buckets have been rebuilt in this iteration.
2024-01-31 10:26:59,074 [l2p_engine.py] => Task 3, Epoch 5/5 => Loss 0.136, Train_accy 89.52, Test_accy 87.72
2024-01-31 10:27:23,187 [base.py] => CNN: {'total': 87.72, '00-09': 89.3, '10-19': 86.1, '20-29': 86.8, '30-39': 88.7, 'old': 87.4, 'new': 88.7}
2024-01-31 10:27:23,187 [base.py] => CNN top1 curve: [96.4, 93.15, 90.2, 87.72]
2024-01-31 10:27:23,187 [l2p_engine.py] => Learning on 40-50
2024-01-31 10:27:24,709 [distributed.py] => Reducer buckets have been rebuilt in this iteration.
2024-01-31 10:31:04,204 [l2p_engine.py] => Task 4, Epoch 5/5 => Loss 0.201, Train_accy 88.48, Test_accy 85.44
2024-01-31 10:31:34,018 [base.py] => CNN: {'total': 85.44, '00-09': 86.4, '10-19': 83.4, '20-29': 83.4, '30-39': 86.6, '40-49': 87.4, 'old': 84.95, 'new': 87.4}
2024-01-31 10:31:34,019 [base.py] => CNN top1 curve: [96.4, 93.15, 90.2, 87.72, 85.44]
2024-01-31 10:31:34,019 [l2p_engine.py] => Learning on 50-60
2024-01-31 10:31:35,609 [distributed.py] => Reducer buckets have been rebuilt in this iteration.
2024-01-31 10:35:45,551 [l2p_engine.py] => Task 5, Epoch 5/5 => Loss 0.144, Train_accy 88.80, Test_accy 84.05
2024-01-31 10:36:20,985 [base.py] => CNN: {'total': 84.05, '00-09': 85.9, '10-19': 79.9, '20-29': 82.1, '30-39': 86.1, '40-49': 84.1, '50-59': 86.2, 'old': 83.62, 'new': 86.2}
2024-01-31 10:36:20,985 [base.py] => CNN top1 curve: [96.4, 93.15, 90.2, 87.72, 85.44, 84.05]
2024-01-31 10:36:20,986 [l2p_engine.py] => Learning on 60-70
2024-01-31 10:36:22,515 [distributed.py] => Reducer buckets have been rebuilt in this iteration.
2024-01-31 10:41:03,001 [l2p_engine.py] => Task 6, Epoch 5/5 => Loss 0.149, Train_accy 88.96, Test_accy 84.24
2024-01-31 10:41:44,227 [base.py] => CNN: {'total': 84.24, '00-09': 86.3, '10-19': 81.3, '20-29': 81.6, '30-39': 85.6, '40-49': 86.1, '50-59': 83.2, '60-69': 85.6, 'old': 84.02, 'new': 85.6}
2024-01-31 10:41:44,228 [base.py] => CNN top1 curve: [96.4, 93.15, 90.2, 87.72, 85.44, 84.05, 84.24]
2024-01-31 10:41:44,228 [l2p_engine.py] => Learning on 70-80
2024-01-31 10:41:45,789 [distributed.py] => Reducer buckets have been rebuilt in this iteration.
2024-01-31 10:46:55,710 [l2p_engine.py] => Task 7, Epoch 5/5 => Loss 0.133, Train_accy 89.76, Test_accy 83.11
2024-01-31 10:47:42,761 [base.py] => CNN: {'total': 83.11, '00-09': 86.3, '10-19': 80.2, '20-29': 80.1, '30-39': 84.1, '40-49': 85.1, '50-59': 83.3, '60-69': 81.2, '70-79': 84.6, 'old': 82.9, 'new': 84.6}
2024-01-31 10:47:42,761 [base.py] => CNN top1 curve: [96.4, 93.15, 90.2, 87.72, 85.44, 84.05, 84.24, 83.11]
2024-01-31 10:47:42,761 [l2p_engine.py] => Learning on 80-90
2024-01-31 10:47:44,257 [distributed.py] => Reducer buckets have been rebuilt in this iteration.
2024-01-31 10:53:24,408 [l2p_engine.py] => Task 8, Epoch 5/5 => Loss 0.078, Train_accy 91.60, Test_accy 82.42
2024-01-31 10:54:17,061 [base.py] => CNN: {'total': 82.42, '00-09': 85.6, '10-19': 76.3, '20-29': 79.4, '30-39': 82.8, '40-49': 83.0, '50-59': 80.8, '60-69': 81.4, '70-79': 83.3, '80-89': 89.2, 'old': 81.58, 'new': 89.2}
2024-01-31 10:54:17,062 [base.py] => CNN top1 curve: [96.4, 93.15, 90.2, 87.72, 85.44, 84.05, 84.24, 83.11, 82.42]
2024-01-31 10:54:17,062 [l2p_engine.py] => Learning on 90-100
2024-01-31 10:54:18,537 [distributed.py] => Reducer buckets have been rebuilt in this iteration.
2024-01-31 11:00:28,613 [l2p_engine.py] => Task 9, Epoch 5/5 => Loss 0.063, Train_accy 92.72, Test_accy 80.89
2024-01-31 11:01:26,892 [base.py] => CNN: {'total': 80.89, '00-09': 83.5, '10-19': 73.7, '20-29': 79.2, '30-39': 80.8, '40-49': 78.4, '50-59': 78.7, '60-69': 77.9, '70-79': 81.6, '80-89': 86.8, '90-99': 88.3, 'old': 80.07, 'new': 88.3}
2024-01-31 11:01:26,893 [base.py] => CNN top1 curve: [96.4, 93.15, 90.2, 87.72, 85.44, 84.05, 84.24, 83.11, 82.42, 80.89]
