2024-01-31 06:54:21,551 [distributed_c10d.py] => Added key: store_based_barrier_key:1 to store for rank: 0
2024-01-31 06:54:21,551 [distributed_c10d.py] => Rank 0: Completed store-based barrier for key:store_based_barrier_key:1 with 1 nodes.
2024-01-31 06:54:25,005 [data_manager.py] => [0, 1, 2, 3, 4, 5, 6, 7, 8, 9, 10, 11, 12, 13, 14, 15, 16, 17, 18, 19, 20, 21, 22, 23, 24, 25, 26, 27, 28, 29, 30, 31, 32, 33, 34, 35, 36, 37, 38, 39, 40, 41, 42, 43, 44, 45, 46, 47, 48, 49, 50, 51, 52, 53, 54, 55, 56, 57, 58, 59, 60, 61, 62, 63, 64, 65, 66, 67, 68, 69, 70, 71, 72, 73, 74, 75, 76, 77, 78, 79, 80, 81, 82, 83, 84, 85, 86, 87, 88, 89, 90, 91, 92, 93, 94, 95, 96, 97, 98, 99]
2024-01-31 06:54:29,366 [l2p.py] => Resized position embedding: torch.Size([1, 197, 768]) to torch.Size([1, 222, 768])
2024-01-31 06:54:29,366 [l2p.py] => Position embedding grid-size from [14, 14] to (14, 14)
2024-01-31 06:54:30,011 [l2p_engine.py] => Learning on 0-10
2024-01-31 06:54:34,961 [distributed.py] => Reducer buckets have been rebuilt in this iteration.
2024-01-31 06:58:56,517 [l2p_engine.py] => Task 0, Epoch 5/5 => Loss 0.171, Train_accy 88.34, Test_accy 97.10
2024-01-31 06:59:03,779 [base.py] => CNN: {'total': 97.1, '00-09': 97.1, 'old': 0, 'new': 97.1}
2024-01-31 06:59:03,779 [base.py] => CNN top1 curve: [97.1]
2024-01-31 06:59:03,780 [l2p_engine.py] => Learning on 10-20
2024-01-31 06:59:05,484 [distributed.py] => Reducer buckets have been rebuilt in this iteration.
2024-01-31 07:03:57,485 [l2p_engine.py] => Task 1, Epoch 5/5 => Loss 0.173, Train_accy 88.32, Test_accy 93.55
2024-01-31 07:04:10,441 [base.py] => CNN: {'total': 93.55, '00-09': 93.4, '10-19': 93.7, 'old': 93.4, 'new': 93.7}
2024-01-31 07:04:10,441 [base.py] => CNN top1 curve: [97.1, 93.55]
2024-01-31 07:04:10,442 [l2p_engine.py] => Learning on 20-30
2024-01-31 07:04:12,114 [distributed.py] => Reducer buckets have been rebuilt in this iteration.
2024-01-31 07:09:33,542 [l2p_engine.py] => Task 2, Epoch 5/5 => Loss 0.136, Train_accy 89.28, Test_accy 91.07
2024-01-31 07:09:52,276 [base.py] => CNN: {'total': 91.07, '00-09': 90.2, '10-19': 92.2, '20-29': 90.8, 'old': 91.2, 'new': 90.8}
2024-01-31 07:09:52,276 [base.py] => CNN top1 curve: [97.1, 93.55, 91.07]
2024-01-31 07:09:52,277 [l2p_engine.py] => Learning on 30-40
2024-01-31 07:09:53,975 [distributed.py] => Reducer buckets have been rebuilt in this iteration.
2024-01-31 07:15:44,250 [l2p_engine.py] => Task 3, Epoch 5/5 => Loss 0.092, Train_accy 90.42, Test_accy 89.12
2024-01-31 07:16:08,713 [base.py] => CNN: {'total': 89.12, '00-09': 89.0, '10-19': 87.8, '20-29': 89.4, '30-39': 90.3, 'old': 88.73, 'new': 90.3}
2024-01-31 07:16:08,713 [base.py] => CNN top1 curve: [97.1, 93.55, 91.07, 89.12]
2024-01-31 07:16:08,713 [l2p_engine.py] => Learning on 40-50
2024-01-31 07:16:10,391 [distributed.py] => Reducer buckets have been rebuilt in this iteration.
2024-01-31 07:22:29,620 [l2p_engine.py] => Task 4, Epoch 5/5 => Loss 0.114, Train_accy 90.20, Test_accy 87.30
2024-01-31 07:22:59,734 [base.py] => CNN: {'total': 87.3, '00-09': 86.9, '10-19': 85.3, '20-29': 85.9, '30-39': 88.5, '40-49': 89.9, 'old': 86.65, 'new': 89.9}
2024-01-31 07:22:59,734 [base.py] => CNN top1 curve: [97.1, 93.55, 91.07, 89.12, 87.3]
2024-01-31 07:22:59,735 [l2p_engine.py] => Learning on 50-60
2024-01-31 07:23:01,272 [distributed.py] => Reducer buckets have been rebuilt in this iteration.
2024-01-31 07:29:49,074 [l2p_engine.py] => Task 5, Epoch 5/5 => Loss 0.083, Train_accy 91.00, Test_accy 86.22
2024-01-31 07:30:24,992 [base.py] => CNN: {'total': 86.22, '00-09': 86.7, '10-19': 83.5, '20-29': 85.6, '30-39': 87.6, '40-49': 89.5, '50-59': 84.4, 'old': 86.58, 'new': 84.4}
2024-01-31 07:30:24,993 [base.py] => CNN top1 curve: [97.1, 93.55, 91.07, 89.12, 87.3, 86.22]
2024-01-31 07:30:24,993 [l2p_engine.py] => Learning on 60-70
2024-01-31 07:30:26,619 [distributed.py] => Reducer buckets have been rebuilt in this iteration.
2024-01-31 07:37:42,076 [l2p_engine.py] => Task 6, Epoch 5/5 => Loss 0.110, Train_accy 89.74, Test_accy 85.60
2024-01-31 07:38:23,617 [base.py] => CNN: {'total': 85.6, '00-09': 87.7, '10-19': 83.5, '20-29': 82.8, '30-39': 86.2, '40-49': 89.0, '50-59': 82.5, '60-69': 87.5, 'old': 85.28, 'new': 87.5}
2024-01-31 07:38:23,618 [base.py] => CNN top1 curve: [97.1, 93.55, 91.07, 89.12, 87.3, 86.22, 85.6]
2024-01-31 07:38:23,618 [l2p_engine.py] => Learning on 70-80
2024-01-31 07:38:25,272 [distributed.py] => Reducer buckets have been rebuilt in this iteration.
2024-01-31 07:46:06,615 [l2p_engine.py] => Task 7, Epoch 5/5 => Loss 0.075, Train_accy 91.72, Test_accy 84.83
2024-01-31 07:46:53,664 [base.py] => CNN: {'total': 84.82, '00-09': 87.6, '10-19': 82.7, '20-29': 82.4, '30-39': 87.4, '40-49': 88.4, '50-59': 81.6, '60-69': 83.3, '70-79': 85.2, 'old': 84.77, 'new': 85.2}
2024-01-31 07:46:53,664 [base.py] => CNN top1 curve: [97.1, 93.55, 91.07, 89.12, 87.3, 86.22, 85.6, 84.82]
2024-01-31 07:46:53,665 [l2p_engine.py] => Learning on 80-90
2024-01-31 07:46:55,318 [distributed.py] => Reducer buckets have been rebuilt in this iteration.
2024-01-31 07:55:02,607 [l2p_engine.py] => Task 8, Epoch 5/5 => Loss 0.057, Train_accy 92.04, Test_accy 84.34
2024-01-31 07:55:54,823 [base.py] => CNN: {'total': 84.34, '00-09': 86.0, '10-19': 79.1, '20-29': 83.1, '30-39': 85.5, '40-49': 87.3, '50-59': 81.9, '60-69': 82.8, '70-79': 84.6, '80-89': 88.8, 'old': 83.79, 'new': 88.8}
2024-01-31 07:55:54,824 [base.py] => CNN top1 curve: [97.1, 93.55, 91.07, 89.12, 87.3, 86.22, 85.6, 84.82, 84.34]
2024-01-31 07:55:54,824 [l2p_engine.py] => Learning on 90-100
2024-01-31 07:55:56,407 [distributed.py] => Reducer buckets have been rebuilt in this iteration.
2024-01-31 08:04:27,030 [l2p_engine.py] => Task 9, Epoch 5/5 => Loss 0.010, Train_accy 94.30, Test_accy 83.32
2024-01-31 08:05:24,579 [base.py] => CNN: {'total': 83.32, '00-09': 85.4, '10-19': 77.6, '20-29': 81.8, '30-39': 84.0, '40-49': 84.8, '50-59': 79.7, '60-69': 81.3, '70-79': 82.8, '80-89': 87.6, '90-99': 88.2, 'old': 82.78, 'new': 88.2}
2024-01-31 08:05:24,580 [base.py] => CNN top1 curve: [97.1, 93.55, 91.07, 89.12, 87.3, 86.22, 85.6, 84.82, 84.34, 83.32]
