2024-02-28 19:33:08,474 [distributed_c10d.py] => Added key: store_based_barrier_key:1 to store for rank: 1
2024-02-28 19:33:08,476 [distributed_c10d.py] => Added key: store_based_barrier_key:1 to store for rank: 0
2024-02-28 19:33:08,476 [distributed_c10d.py] => Rank 0: Completed store-based barrier for key:store_based_barrier_key:1 with 2 nodes.
2024-02-28 19:33:08,485 [distributed_c10d.py] => Rank 1: Completed store-based barrier for key:store_based_barrier_key:1 with 2 nodes.
2024-02-28 19:33:10,425 [data_manager.py] => [0, 1, 2, 3, 4, 5, 6, 7, 8, 9]
2024-02-28 19:33:10,425 [data_manager.py] => [0, 1, 2, 3, 4, 5, 6, 7, 8, 9]
2024-02-28 19:33:13,791 [sprompt_engine.py] => Learning on 0-2
2024-02-28 19:33:22,573 [distributed.py] => Reducer buckets have been rebuilt in this iteration.
2024-02-28 19:38:35,496 [sprompt_engine.py] => Task 0, Epoch 20/20 => Loss 0.041, Train_accy 98.83, Test_accy 99.40
2024-02-28 19:38:49,282 [base.py] => CNN: {'total': 99.4, '00-01': 99.4, 'old': 0, 'new': 99.4}
2024-02-28 19:38:49,283 [base.py] => CNN top1 curve: [99.4]
2024-02-28 19:38:49,321 [sprompt_engine.py] => Learning on 2-4
2024-02-28 19:38:51,938 [distributed.py] => Reducer buckets have been rebuilt in this iteration.
2024-02-28 19:48:32,279 [sprompt_engine.py] => Task 1, Epoch 50/50 => Loss 0.043, Train_accy 98.50, Test_accy 98.29
2024-02-28 19:48:46,602 [base.py] => CNN: {'total': 98.89, '00-01': 99.05, '02-03': 98.5, 'old': 99.05, 'new': 98.5}
2024-02-28 19:48:46,603 [base.py] => CNN top1 curve: [99.4, 98.89]
2024-02-28 19:48:46,639 [sprompt_engine.py] => Learning on 4-6
2024-02-28 19:48:49,835 [distributed.py] => Reducer buckets have been rebuilt in this iteration.
2024-02-28 20:04:53,675 [sprompt_engine.py] => Task 2, Epoch 50/50 => Loss 0.435, Train_accy 79.19, Test_accy 71.21
2024-02-28 20:05:15,823 [base.py] => CNN: {'total': 90.4, '00-01': 99.05, '02-03': 98.38, '04-05': 78.91, 'old': 98.86, 'new': 78.91}
2024-02-28 20:05:15,823 [base.py] => CNN top1 curve: [99.4, 98.89, 90.4]
2024-02-28 20:05:15,852 [sprompt_engine.py] => Learning on 6-8
2024-02-28 20:05:21,675 [distributed.py] => Reducer buckets have been rebuilt in this iteration.
2024-02-28 20:18:37,518 [sprompt_engine.py] => Task 3, Epoch 50/50 => Loss 0.206, Train_accy 91.33, Test_accy 58.12
2024-02-28 20:19:00,042 [base.py] => CNN: {'total': 90.46, '00-01': 99.05, '02-03': 98.38, '04-05': 79.06, '06-07': 90.5, 'old': 90.46, 'new': 90.5}
2024-02-28 20:19:00,043 [base.py] => CNN top1 curve: [99.4, 98.89, 90.4, 90.46]
2024-02-28 20:19:00,080 [sprompt_engine.py] => Learning on 8-10
2024-02-28 20:19:03,480 [distributed.py] => Reducer buckets have been rebuilt in this iteration.
2024-02-28 20:29:17,710 [sprompt_engine.py] => Task 4, Epoch 50/50 => Loss 0.339, Train_accy 83.85, Test_accy 51.41
2024-02-28 20:29:37,450 [base.py] => CNN: {'total': 89.59, '00-01': 98.95, '02-03': 97.38, '04-05': 79.01, '06-07': 90.5, '08-09': 51.11, 'old': 90.25, 'new': 51.11}
2024-02-28 20:29:37,451 [base.py] => CNN top1 curve: [99.4, 98.89, 90.4, 90.46, 89.59]
