2024-01-31 06:55:28,331 [distributed_c10d.py] => Added key: store_based_barrier_key:1 to store for rank: 1
2024-01-31 06:55:28,335 [distributed_c10d.py] => Added key: store_based_barrier_key:1 to store for rank: 0
2024-01-31 06:55:28,335 [distributed_c10d.py] => Rank 0: Completed store-based barrier for key:store_based_barrier_key:1 with 2 nodes.
2024-01-31 06:55:28,342 [distributed_c10d.py] => Rank 1: Completed store-based barrier for key:store_based_barrier_key:1 with 2 nodes.
2024-01-31 06:55:31,934 [data_manager.py] => [0, 1, 2, 3, 4, 5, 6, 7, 8, 9, 10, 11, 12, 13, 14, 15, 16, 17, 18, 19, 20, 21, 22, 23, 24, 25, 26, 27, 28, 29, 30, 31, 32, 33, 34, 35, 36, 37, 38, 39, 40, 41, 42, 43, 44, 45, 46, 47, 48, 49, 50, 51, 52, 53, 54, 55, 56, 57, 58, 59, 60, 61, 62, 63, 64, 65, 66, 67, 68, 69, 70, 71, 72, 73, 74, 75, 76, 77, 78, 79, 80, 81, 82, 83, 84, 85, 86, 87, 88, 89, 90, 91, 92, 93, 94, 95, 96, 97, 98, 99]
2024-01-31 06:55:36,338 [l2p.py] => Resized position embedding: torch.Size([1, 197, 768]) to torch.Size([1, 222, 768])
2024-01-31 06:55:36,338 [l2p.py] => Position embedding grid-size from [14, 14] to (14, 14)
2024-01-31 06:55:37,012 [l2p_engine.py] => Learning on 0-10
2024-01-31 06:55:42,168 [distributed.py] => Reducer buckets have been rebuilt in this iteration.
2024-01-31 06:58:19,444 [l2p_engine.py] => Task 0, Epoch 5/5 => Loss 0.164, Train_accy 89.52, Test_accy 96.90
2024-01-31 06:58:26,477 [base.py] => CNN: {'total': 96.9, '00-09': 96.9, 'old': 0, 'new': 96.9}
2024-01-31 06:58:26,477 [base.py] => CNN top1 curve: [96.9]
2024-01-31 06:58:26,478 [l2p_engine.py] => Learning on 10-20
2024-01-31 06:58:27,634 [distributed.py] => Reducer buckets have been rebuilt in this iteration.
2024-01-31 07:01:35,048 [l2p_engine.py] => Task 1, Epoch 5/5 => Loss 0.249, Train_accy 86.40, Test_accy 93.15
2024-01-31 07:01:48,137 [base.py] => CNN: {'total': 93.15, '00-09': 92.9, '10-19': 93.4, 'old': 92.9, 'new': 93.4}
2024-01-31 07:01:48,138 [base.py] => CNN top1 curve: [96.9, 93.15]
2024-01-31 07:01:48,138 [l2p_engine.py] => Learning on 20-30
2024-01-31 07:01:49,298 [distributed.py] => Reducer buckets have been rebuilt in this iteration.
2024-01-31 07:05:27,708 [l2p_engine.py] => Task 2, Epoch 5/5 => Loss 0.153, Train_accy 89.32, Test_accy 90.57
2024-01-31 07:05:46,921 [base.py] => CNN: {'total': 90.57, '00-09': 89.9, '10-19': 91.2, '20-29': 90.6, 'old': 90.55, 'new': 90.6}
2024-01-31 07:05:46,921 [base.py] => CNN top1 curve: [96.9, 93.15, 90.57]
2024-01-31 07:05:46,921 [l2p_engine.py] => Learning on 30-40
2024-01-31 07:05:48,082 [distributed.py] => Reducer buckets have been rebuilt in this iteration.
2024-01-31 07:09:57,434 [l2p_engine.py] => Task 3, Epoch 5/5 => Loss 0.126, Train_accy 90.08, Test_accy 88.47
2024-01-31 07:10:22,792 [base.py] => CNN: {'total': 88.48, '00-09': 88.8, '10-19': 86.6, '20-29': 88.5, '30-39': 90.0, 'old': 87.97, 'new': 90.0}
2024-01-31 07:10:22,793 [base.py] => CNN top1 curve: [96.9, 93.15, 90.57, 88.48]
2024-01-31 07:10:22,793 [l2p_engine.py] => Learning on 40-50
2024-01-31 07:10:23,976 [distributed.py] => Reducer buckets have been rebuilt in this iteration.
2024-01-31 07:15:03,964 [l2p_engine.py] => Task 4, Epoch 5/5 => Loss 0.162, Train_accy 88.80, Test_accy 86.68
2024-01-31 07:15:35,424 [base.py] => CNN: {'total': 86.68, '00-09': 87.1, '10-19': 83.6, '20-29': 86.1, '30-39': 87.4, '40-49': 89.2, 'old': 86.05, 'new': 89.2}
2024-01-31 07:15:35,424 [base.py] => CNN top1 curve: [96.9, 93.15, 90.57, 88.48, 86.68]
2024-01-31 07:15:35,424 [l2p_engine.py] => Learning on 50-60
2024-01-31 07:15:36,591 [distributed.py] => Reducer buckets have been rebuilt in this iteration.
2024-01-31 07:20:46,988 [l2p_engine.py] => Task 5, Epoch 5/5 => Loss 0.122, Train_accy 89.68, Test_accy 85.13
2024-01-31 07:21:24,675 [base.py] => CNN: {'total': 85.13, '00-09': 87.5, '10-19': 80.3, '20-29': 84.8, '30-39': 86.2, '40-49': 87.1, '50-59': 84.9, 'old': 85.18, 'new': 84.9}
2024-01-31 07:21:24,675 [base.py] => CNN top1 curve: [96.9, 93.15, 90.57, 88.48, 86.68, 85.13]
2024-01-31 07:21:24,676 [l2p_engine.py] => Learning on 60-70
2024-01-31 07:21:25,827 [distributed.py] => Reducer buckets have been rebuilt in this iteration.
2024-01-31 07:27:06,779 [l2p_engine.py] => Task 6, Epoch 5/5 => Loss 0.106, Train_accy 89.88, Test_accy 84.76
2024-01-31 07:27:50,514 [base.py] => CNN: {'total': 84.76, '00-09': 87.9, '10-19': 82.5, '20-29': 82.9, '30-39': 84.9, '40-49': 86.4, '50-59': 82.0, '60-69': 86.7, 'old': 84.43, 'new': 86.7}
2024-01-31 07:27:50,514 [base.py] => CNN top1 curve: [96.9, 93.15, 90.57, 88.48, 86.68, 85.13, 84.76]
2024-01-31 07:27:50,515 [l2p_engine.py] => Learning on 70-80
2024-01-31 07:27:51,695 [distributed.py] => Reducer buckets have been rebuilt in this iteration.
2024-01-31 07:34:02,951 [l2p_engine.py] => Task 7, Epoch 5/5 => Loss 0.129, Train_accy 90.00, Test_accy 84.39
2024-01-31 07:34:52,855 [base.py] => CNN: {'total': 84.39, '00-09': 86.4, '10-19': 81.3, '20-29': 83.1, '30-39': 86.1, '40-49': 87.4, '50-59': 83.4, '60-69': 82.4, '70-79': 85.0, 'old': 84.3, 'new': 85.0}
2024-01-31 07:34:52,855 [base.py] => CNN top1 curve: [96.9, 93.15, 90.57, 88.48, 86.68, 85.13, 84.76, 84.39]
2024-01-31 07:34:52,856 [l2p_engine.py] => Learning on 80-90
2024-01-31 07:34:54,060 [distributed.py] => Reducer buckets have been rebuilt in this iteration.
2024-01-31 07:41:33,816 [l2p_engine.py] => Task 8, Epoch 5/5 => Loss 0.076, Train_accy 91.56, Test_accy 82.77
2024-01-31 07:42:29,458 [base.py] => CNN: {'total': 82.77, '00-09': 85.3, '10-19': 77.6, '20-29': 81.3, '30-39': 84.8, '40-49': 83.3, '50-59': 79.9, '60-69': 80.6, '70-79': 82.9, '80-89': 89.2, 'old': 81.96, 'new': 89.2}
2024-01-31 07:42:29,458 [base.py] => CNN top1 curve: [96.9, 93.15, 90.57, 88.48, 86.68, 85.13, 84.76, 84.39, 82.77]
2024-01-31 07:42:29,458 [l2p_engine.py] => Learning on 90-100
2024-01-31 07:42:30,649 [distributed.py] => Reducer buckets have been rebuilt in this iteration.
2024-01-31 07:49:39,998 [l2p_engine.py] => Task 9, Epoch 5/5 => Loss 0.062, Train_accy 92.28, Test_accy 82.09
2024-01-31 07:50:41,570 [base.py] => CNN: {'total': 82.09, '00-09': 84.7, '10-19': 75.9, '20-29': 80.1, '30-39': 82.5, '40-49': 81.1, '50-59': 79.0, '60-69': 79.9, '70-79': 81.4, '80-89': 87.9, '90-99': 88.4, 'old': 81.39, 'new': 88.4}
2024-01-31 07:50:41,571 [base.py] => CNN top1 curve: [96.9, 93.15, 90.57, 88.48, 86.68, 85.13, 84.76, 84.39, 82.77, 82.09]
