2024-02-28 17:12:33,313 [distributed_c10d.py] => Added key: store_based_barrier_key:1 to store for rank: 0
2024-02-28 17:12:33,332 [distributed_c10d.py] => Added key: store_based_barrier_key:1 to store for rank: 1
2024-02-28 17:12:33,332 [distributed_c10d.py] => Rank 1: Completed store-based barrier for key:store_based_barrier_key:1 with 2 nodes.
2024-02-28 17:12:33,334 [distributed_c10d.py] => Rank 0: Completed store-based barrier for key:store_based_barrier_key:1 with 2 nodes.
2024-02-28 17:12:38,958 [data_manager.py] => [0, 1, 2, 3, 4, 5, 6, 7, 8, 9, 10, 11, 12, 13, 14, 15, 16, 17, 18, 19, 20, 21, 22, 23, 24, 25, 26, 27, 28, 29, 30, 31, 32, 33, 34, 35, 36, 37, 38, 39, 40, 41, 42, 43, 44, 45, 46, 47, 48, 49, 50, 51, 52, 53, 54, 55, 56, 57, 58, 59, 60, 61, 62, 63, 64, 65, 66, 67, 68, 69, 70, 71, 72, 73, 74, 75, 76, 77, 78, 79, 80, 81, 82, 83, 84, 85, 86, 87, 88, 89, 90, 91, 92, 93, 94, 95, 96, 97, 98, 99]
2024-02-28 17:12:45,403 [dualp_engine.py] => Learning on 0-10
2024-02-28 17:12:55,073 [distributed.py] => Reducer buckets have been rebuilt in this iteration.
2024-02-28 17:17:11,715 [dualp_engine.py] => Task 0, Epoch 5/5 => Loss -1.534, Train_accy 91.32, Test_accy 97.70
2024-02-28 17:17:25,139 [base.py] => CNN: {'total': 97.7, '00-09': 97.7, 'old': 0, 'new': 97.7}
2024-02-28 17:17:25,140 [base.py] => CNN top1 curve: [97.7]
2024-02-28 17:17:25,140 [dualp_engine.py] => Learning on 10-20
2024-02-28 17:17:26,117 [distributed.py] => Reducer buckets have been rebuilt in this iteration.
2024-02-28 17:24:38,190 [dualp_engine.py] => Task 1, Epoch 5/5 => Loss -1.570, Train_accy 90.84, Test_accy 94.75
2024-02-28 17:25:16,744 [base.py] => CNN: {'total': 94.75, '00-09': 95.4, '10-19': 94.1, 'old': 95.4, 'new': 94.1}
2024-02-28 17:25:16,744 [base.py] => CNN top1 curve: [97.7, 94.75]
2024-02-28 17:25:16,744 [dualp_engine.py] => Learning on 20-30
2024-02-28 17:25:17,919 [distributed.py] => Reducer buckets have been rebuilt in this iteration.
2024-02-28 17:33:48,347 [dualp_engine.py] => Task 2, Epoch 5/5 => Loss -1.685, Train_accy 91.76, Test_accy 92.43
2024-02-28 17:34:43,197 [base.py] => CNN: {'total': 92.43, '00-09': 93.8, '10-19': 93.0, '20-29': 90.5, 'old': 93.4, 'new': 90.5}
2024-02-28 17:34:43,198 [base.py] => CNN top1 curve: [97.7, 94.75, 92.43]
2024-02-28 17:34:43,198 [dualp_engine.py] => Learning on 30-40
2024-02-28 17:34:44,365 [distributed.py] => Reducer buckets have been rebuilt in this iteration.
2024-02-28 17:44:07,109 [dualp_engine.py] => Task 3, Epoch 5/5 => Loss -1.814, Train_accy 92.80, Test_accy 90.80
2024-02-28 17:45:20,341 [base.py] => CNN: {'total': 90.8, '00-09': 93.0, '10-19': 88.5, '20-29': 89.7, '30-39': 92.0, 'old': 90.4, 'new': 92.0}
2024-02-28 17:45:20,342 [base.py] => CNN top1 curve: [97.7, 94.75, 92.43, 90.8]
2024-02-28 17:45:20,342 [dualp_engine.py] => Learning on 40-50
2024-02-28 17:45:21,484 [distributed.py] => Reducer buckets have been rebuilt in this iteration.
2024-02-28 17:55:54,311 [dualp_engine.py] => Task 4, Epoch 5/5 => Loss -1.731, Train_accy 92.04, Test_accy 89.32
2024-02-28 17:57:24,478 [base.py] => CNN: {'total': 89.32, '00-09': 91.9, '10-19': 84.8, '20-29': 88.2, '30-39': 90.7, '40-49': 91.0, 'old': 88.9, 'new': 91.0}
2024-02-28 17:57:24,479 [base.py] => CNN top1 curve: [97.7, 94.75, 92.43, 90.8, 89.32]
2024-02-28 17:57:24,479 [dualp_engine.py] => Learning on 50-60
2024-02-28 17:57:25,457 [distributed.py] => Reducer buckets have been rebuilt in this iteration.
2024-02-28 18:09:07,482 [dualp_engine.py] => Task 5, Epoch 5/5 => Loss -1.677, Train_accy 91.24, Test_accy 87.92
2024-02-28 18:10:56,428 [base.py] => CNN: {'total': 87.92, '00-09': 91.4, '10-19': 84.7, '20-29': 87.5, '30-39': 89.3, '40-49': 90.0, '50-59': 84.6, 'old': 88.58, 'new': 84.6}
2024-02-28 18:10:56,429 [base.py] => CNN top1 curve: [97.7, 94.75, 92.43, 90.8, 89.32, 87.92]
2024-02-28 18:10:56,429 [dualp_engine.py] => Learning on 60-70
2024-02-28 18:10:57,577 [distributed.py] => Reducer buckets have been rebuilt in this iteration.
2024-02-28 18:24:27,235 [dualp_engine.py] => Task 6, Epoch 5/5 => Loss -1.723, Train_accy 91.16, Test_accy 87.29
2024-02-28 18:26:36,802 [base.py] => CNN: {'total': 87.29, '00-09': 91.2, '10-19': 82.3, '20-29': 86.5, '30-39': 89.1, '40-49': 89.9, '50-59': 85.2, '60-69': 86.8, 'old': 87.37, 'new': 86.8}
2024-02-28 18:26:36,802 [base.py] => CNN top1 curve: [97.7, 94.75, 92.43, 90.8, 89.32, 87.92, 87.29]
2024-02-28 18:26:36,803 [dualp_engine.py] => Learning on 70-80
2024-02-28 18:26:37,929 [distributed.py] => Reducer buckets have been rebuilt in this iteration.
2024-02-28 18:41:09,863 [dualp_engine.py] => Task 7, Epoch 5/5 => Loss -1.716, Train_accy 91.84, Test_accy 86.67
2024-02-28 18:43:38,248 [base.py] => CNN: {'total': 86.68, '00-09': 90.5, '10-19': 82.7, '20-29': 84.3, '30-39': 89.2, '40-49': 89.6, '50-59': 84.5, '60-69': 85.6, '70-79': 87.0, 'old': 86.63, 'new': 87.0}
2024-02-28 18:43:38,248 [base.py] => CNN top1 curve: [97.7, 94.75, 92.43, 90.8, 89.32, 87.92, 87.29, 86.68]
2024-02-28 18:43:38,248 [dualp_engine.py] => Learning on 80-90
2024-02-28 18:43:39,458 [distributed.py] => Reducer buckets have been rebuilt in this iteration.
2024-02-28 18:59:26,651 [dualp_engine.py] => Task 8, Epoch 5/5 => Loss -1.732, Train_accy 93.60, Test_accy 86.29
2024-02-28 19:02:14,944 [base.py] => CNN: {'total': 86.29, '00-09': 89.5, '10-19': 81.5, '20-29': 85.0, '30-39': 88.1, '40-49': 88.2, '50-59': 84.3, '60-69': 83.9, '70-79': 85.9, '80-89': 90.2, 'old': 85.8, 'new': 90.2}
2024-02-28 19:02:14,944 [base.py] => CNN top1 curve: [97.7, 94.75, 92.43, 90.8, 89.32, 87.92, 87.29, 86.68, 86.29]
2024-02-28 19:02:14,945 [dualp_engine.py] => Learning on 90-100
2024-02-28 19:02:16,153 [distributed.py] => Reducer buckets have been rebuilt in this iteration.
2024-02-28 19:18:27,094 [dualp_engine.py] => Task 9, Epoch 5/5 => Loss -1.733, Train_accy 94.44, Test_accy 85.18
2024-02-28 19:21:20,003 [base.py] => CNN: {'total': 85.18, '00-09': 89.1, '10-19': 80.7, '20-29': 84.7, '30-39': 86.9, '40-49': 86.2, '50-59': 83.4, '60-69': 83.0, '70-79': 85.3, '80-89': 86.4, '90-99': 86.1, 'old': 85.08, 'new': 86.1}
2024-02-28 19:21:20,004 [base.py] => CNN top1 curve: [97.7, 94.75, 92.43, 90.8, 89.32, 87.92, 87.29, 86.68, 86.29, 85.18]
